build/app/intermediates/proguard-rules/release/aapt_rules.txt
# Referenced at merged_manifests/release/AndroidManifest.xml:19
-keep class androidx.core.app.CoreComponentFactory { <init>(); }
# Referenced at merged_manifests/release/AndroidManifest.xml:48
-keep class com.android.billingclient.api.ProxyBillingActivity { <init>(); }
# Referenced at merged_manifests/release/AndroidManifest.xml:24
-keep class com.doyle.inappflutter.MainActivity { <init>(); }
# Referenced at merged_manifests/release/AndroidManifest.xml:19
-keep class io.flutter.app.FlutterApplication { <init>(); }