build/app/outputs/mapping/release/mapping.txt
# compiler: R8
# compiler_version: 1.5.64
# min_api: 16
# pg_map_id: 33450b1
com.doyle.inappflutter.MainActivity -> com.doyle.inappflutter.MainActivity:
    void configureFlutterEngine(io.flutter.embedding.engine.FlutterEngine) -> a
...
com.amazon.device.iap.internal.b.e.a -> b.a.a.a.c.c.e$b:
com.amazon.device.iap.internal.b.e.b -> b.a.a.a.c.c.e$c:
com.amazon.device.iap.internal.b.e.c -> b.a.a.a.c.c.e$d:
com.amazon.device.iap.internal.b.e.d -> b.a.a.a.c.c.e$e:
com.amazon.device.iap.internal.b.f -> b.a.a.a.c.c.f:
    boolean b() -> a
    boolean a() -> b
com.amazon.device.iap.internal.b.g -> b.a.a.a.c.c.h:
com.amazon.device.iap.internal.b.g.a -> b.a.a.a.c.c.g.a:
    java.util.Set a -> d
    java.lang.String b -> e
    void a_() -> a
com.amazon.device.iap.internal.b.g.b -> b.a.a.a.c.c.g.b:
com.amazon.device.iap.internal.b.h -> b.a.a.a.c.c.i:
com.amazon.device.iap.internal.b.i -> b.a.a.a.c.c.j:
    java.util.Map f -> c
    com.amazon.device.iap.internal.b.e b -> a
    java.lang.String c -> b
    void a_() -> a
com.amazon.device.iap.internal.c -> b.a.a.a.c.e:
com.amazon.device.iap.internal.d -> b.a.a.a.c.f:
    com.amazon.device.iap.PurchasingListener f -> c
    android.content.Context e -> b
    com.amazon.device.iap.internal.d c -> f
    com.amazon.device.iap.internal.c d -> a
    java.lang.String b -> e
    java.lang.String a -> d
com.amazon.device.iap.internal.e -> b.a.a.a.c.g:
com.amazon.device.iap.internal.model.a -> b.a.a.a.c.h.a:
com.amazon.device.iap.internal.util.b -> b.a.a.a.c.i.a:
com.amazon.device.iap.internal.util.d -> b.a.a.a.c.i.b:
com.amazon.device.iap.internal.util.e -> b.a.a.a.c.i.c:
com.amazon.device.iap.model.CoinsReward -> b.a.a.a.d.a:
    int amount -> a
    com.amazon.device.iap.model.CoinsReward from(int) -> a
    int getAmount() -> a
com.amazon.device.iap.model.FulfillmentResult -> b.a.a.a.d.b:
    com.amazon.device.iap.model.FulfillmentResult FULFILLED -> a
    com.amazon.device.iap.model.FulfillmentResult[] $VALUES -> c
    com.amazon.device.iap.model.FulfillmentResult UNAVAILABLE -> b
com.amazon.device.iap.model.Product -> b.a.a.a.d.c:
    com.amazon.device.iap.model.ProductType productType -> b
    java.lang.String title -> f
    com.amazon.device.iap.model.CoinsReward coinsReward -> g
    java.lang.String sku -> a
    java.lang.String description -> c
    java.lang.String smallIconUrl -> e
    java.lang.String price -> d
    java.lang.String getDescription() -> a
    java.lang.String getPrice() -> b
    com.amazon.device.iap.model.ProductType getProductType() -> c
    java.lang.String getSku() -> d
    java.lang.String getTitle() -> e
    org.json.JSONObject toJSON() -> f
    int getCoinsRewardAmount() -> g
com.amazon.device.iap.model.Product$1 -> b.a.a.a.d.c$a:
com.amazon.device.iap.model.ProductDataResponse -> b.a.a.a.d.d:
    com.amazon.device.iap.model.ProductDataResponse$RequestStatus requestStatus -> c
    java.util.Map productData -> d
    com.amazon.device.iap.model.RequestId requestId -> a
    java.util.Set unavailableSkus -> b
    java.util.Map getProductData() -> a
    com.amazon.device.iap.model.ProductDataResponse$RequestStatus getRequestStatus() -> b
    java.util.Set getUnavailableSkus() -> c
com.amazon.device.iap.model.ProductDataResponse$RequestStatus -> b.a.a.a.d.d$a:
    com.amazon.device.iap.model.ProductDataResponse$RequestStatus NOT_SUPPORTED -> c
    com.amazon.device.iap.model.ProductDataResponse$RequestStatus FAILED -> b
    com.amazon.device.iap.model.ProductDataResponse$RequestStatus[] $VALUES -> d
    com.amazon.device.iap.model.ProductDataResponse$RequestStatus SUCCESSFUL -> a
com.amazon.device.iap.model.ProductType -> b.a.a.a.d.e:
    com.amazon.device.iap.model.ProductType SUBSCRIPTION -> c
    com.amazon.device.iap.model.ProductType ENTITLED -> b
    com.amazon.device.iap.model.ProductType CONSUMABLE -> a
    com.amazon.device.iap.model.ProductType[] $VALUES -> d